0 info it worked if it ends with ok
1 verbose cli [ '/home/septer/Packages/node-v4.5.0-linux-x64/bin/node',
1 verbose cli   '/usr/bin/npm',
1 verbose cli   'version',
1 verbose cli   'patch' ]
2 info using npm@2.15.9
3 info using node@v4.5.0
4 info git [ 'status', '--porcelain' ]
5 verbose stack Error: Git working directory not clean.
5 verbose stack M lib/print.js
5 verbose stack M package.json
5 verbose stack D spec/helpers/jasmine_examples/SpecHelper.js
5 verbose stack D spec/jasmine_examples/PlayerSpec.js
5 verbose stack D spec/jasmine_examples/console_Spec.js
5 verbose stack D spec/support/jasmine.json
5 verbose stack     at /home/septer/Packages/node-v4.5.0-linux-x64/lib/node_modules/npm/lib/version.js:171:21
5 verbose stack     at ChildProcess.exithandler (child_process.js:204:7)
5 verbose stack     at emitTwo (events.js:87:13)
5 verbose stack     at ChildProcess.emit (events.js:172:7)
5 verbose stack     at maybeClose (internal/child_process.js:829:16)
5 verbose stack     at Socket.<anonymous> (internal/child_process.js:319:11)
5 verbose stack     at emitOne (events.js:77:13)
5 verbose stack     at Socket.emit (events.js:169:7)
5 verbose stack     at Pipe._onclose (net.js:486:12)
6 verbose cwd /home/septer/Restarian/node_modules/brackit_print
7 error Linux 4.4.0-59-generic
8 error argv "/home/septer/Packages/node-v4.5.0-linux-x64/bin/node" "/usr/bin/npm" "version" "patch"
9 error node v4.5.0
10 error npm  v2.15.9
11 error Git working directory not clean.
11 error M lib/print.js
11 error M package.json
11 error D spec/helpers/jasmine_examples/SpecHelper.js
11 error D spec/jasmine_examples/PlayerSpec.js
11 error D spec/jasmine_examples/console_Spec.js
11 error D spec/support/jasmine.json
12 error If you need help, you may report this error at:
12 error     <https://github.com/npm/npm/issues>
13 verbose exit [ 1, true ]
